2020-06-24 06:43:57 Error: [Cake\Database\Exception\MissingConnectionException] Connection to Mysql could not be established: SQLSTATE[HY000] [1045] Access denied for user 'my_app'@'localhost' (using password: YES) in C:\xampp\htdocs\knowledgebase\vendor\cakephp\cakephp\src\Database\Driver.php on line 107
Exception Attributes: array (
  'driver' => 'Mysql',
  'reason' => 'SQLSTATE[HY000] [1045] Access denied for user \'my_app\'@\'localhost\' (using password: YES)',
)
Stack Trace:
- C:\xampp\htdocs\knowledgebase\vendor\cakephp\cakephp\src\Database\Driver\Mysql.php:114
- C:\xampp\htdocs\knowledgebase\vendor\cakephp\cakephp\src\Database\Schema\BaseSchema.php:47
- C:\xampp\htdocs\knowledgebase\vendor\cakephp\cakephp\src\Database\Dialect\MysqlDialectTrait.php:65
- C:\xampp\htdocs\knowledgebase\vendor\cakephp\cakephp\src\Database\Schema\Collection.php:53
- C:\xampp\htdocs\knowledgebase\vendor\cakephp\cakephp\src\Database\Connection.php:400
- C:\xampp\htdocs\knowledgebase\vendor\cakephp\bake\src\Utility\TableScanner.php:65
- C:\xampp\htdocs\knowledgebase\vendor\cakephp\bake\src\Command\ModelCommand.php:1063
- C:\xampp\htdocs\knowledgebase\vendor\cakephp\bake\src\Command\ModelCommand.php:192
- C:\xampp\htdocs\knowledgebase\vendor\cakephp\bake\src\Command\ModelCommand.php:123
- C:\xampp\htdocs\knowledgebase\vendor\cakephp\bake\src\Command\ModelCommand.php:99
- C:\xampp\htdocs\knowledgebase\vendor\cakephp\bake\src\Command\ModelCommand.php:82
- C:\xampp\htdocs\knowledgebase\vendor\cakephp\bake\src\Command\AllCommand.php:94
- C:\xampp\htdocs\knowledgebase\vendor\cakephp\cakephp\src\Console\BaseCommand.php:175
- C:\xampp\htdocs\knowledgebase\vendor\cakephp\cakephp\src\Console\CommandRunner.php:336
- C:\xampp\htdocs\knowledgebase\vendor\cakephp\cakephp\src\Console\CommandRunner.php:171
- C:\xampp\htdocs\knowledgebase\bin\cake.php:12

Caused by: [PDOException] SQLSTATE[HY000] [1045] Access denied for user 'my_app'@'localhost' (using password: YES) in C:\xampp\htdocs\knowledgebase\vendor\cakephp\cakephp\src\Database\Driver.php on line 104
Stack Trace:
- C:\xampp\htdocs\knowledgebase\vendor\cakephp\cakephp\src\Database\Driver.php:104
- C:\xampp\htdocs\knowledgebase\vendor\cakephp\cakephp\src\Database\Driver\Mysql.php:114
- C:\xampp\htdocs\knowledgebase\vendor\cakephp\cakephp\src\Database\Schema\BaseSchema.php:47
- C:\xampp\htdocs\knowledgebase\vendor\cakephp\cakephp\src\Database\Dialect\MysqlDialectTrait.php:65
- C:\xampp\htdocs\knowledgebase\vendor\cakephp\cakephp\src\Database\Schema\Collection.php:53
- C:\xampp\htdocs\knowledgebase\vendor\cakephp\cakephp\src\Database\Connection.php:400
- C:\xampp\htdocs\knowledgebase\vendor\cakephp\bake\src\Utility\TableScanner.php:65
- C:\xampp\htdocs\knowledgebase\vendor\cakephp\bake\src\Command\ModelCommand.php:1063
- C:\xampp\htdocs\knowledgebase\vendor\cakephp\bake\src\Command\ModelCommand.php:192
- C:\xampp\htdocs\knowledgebase\vendor\cakephp\bake\src\Command\ModelCommand.php:123
- C:\xampp\htdocs\knowledgebase\vendor\cakephp\bake\src\Command\ModelCommand.php:99
- C:\xampp\htdocs\knowledgebase\vendor\cakephp\bake\src\Command\ModelCommand.php:82
- C:\xampp\htdocs\knowledgebase\vendor\cakephp\bake\src\Command\AllCommand.php:94
- C:\xampp\htdocs\knowledgebase\vendor\cakephp\cakephp\src\Console\BaseCommand.php:175
- C:\xampp\htdocs\knowledgebase\vendor\cakephp\cakephp\src\Console\CommandRunner.php:336
- C:\xampp\htdocs\knowledgebase\vendor\cakephp\cakephp\src\Console\CommandRunner.php:171
- C:\xampp\htdocs\knowledgebase\bin\cake.php:12



